<?xml version='1.0' encoding='UTF-8'?>
<testsuite hostname="C02Y10CYJGH5" name="streams.BloxorzSuite" tests="4" errors="0" failures="0" skipped="0" time="0.063" timestamp="2021-03-24T20:04:41">
                     <properties>
[...]
</properties>
                     <testcase classname="streams.BloxorzSuite" name="find char level 1 (10pts)" time="0.023">
                                                 
                                               </testcase><testcase classname="streams.BloxorzSuite" name="terrain function level 1 (10pts)" time="0.005">
                                                 
                                               </testcase><testcase classname="streams.BloxorzSuite" name="optimal solution length for level 1 (5pts)" time="0.027">
                                                 
                                               </testcase><testcase classname="streams.BloxorzSuite" name="optimal solution for level 1 (5pts)" time="0.008">
                                                 
                                               </testcase>
                     <system-out><![CDATA[]]></system-out>
                     <system-err><![CDATA[]]></system-err>
                   </testsuite>