<?xml version='1.0' encoding='UTF-8'?>
<testsuite hostname="C02Y10CYJGH5" name="example.ListsSuite" tests="2" errors="0" failures="0" skipped="0" time="0.082" timestamp="2021-01-01T10:24:00">
                     <properties>
[...]
</properties>
                     <testcase classname="example.ListsSuite" name="max of a few numbers (10pts)" time="0.081">
                                                 
                                               </testcase><testcase classname="example.ListsSuite" name="sum of a few numbers (10pts)" time="0.001">
                                                 
                                               </testcase>
                     <system-out><![CDATA[]]></system-out>
                     <system-err><![CDATA[]]></system-err>
                   </testsuite>